<?xml version="1.0" encoding="UTF-8"?>
<!-- Generated by org.testng.reporters.JUnitXMLReporter -->
<testsuite hostname="ntindsk1100523" name="Verify Login, myCart and Logout Functionality" tests="3" failures="0" timestamp="21 Jan 2019 12:29:37 GMT" time="126.024" errors="0">
  <testcase name="signIn" time="70.514" classname="com.wfs.qa.testcases.SignInPageTest"/>
  <testcase name="addCart" time="41.467" classname="com.wfs.qa.testcases.AddCartTest"/>
  <testcase name="logOut" time="14.031" classname="com.wfs.qa.testcases.LogOutTest"/>
</testsuite> <!-- Verify Login, myCart and Logout Functionality -->
